# JRE version: OpenJDK Runtime Environment (8.0_151-b12) (build 1.8.0_151-8u151-b12-0ubuntu0.17.04.2-b12)
# Java VM: OpenJDK 64-Bit Server VM (25.151-b12 mixed mode linux-amd64 compressed oops)
Heap:
 garbage-first heap   total 271360K, used 173391K [0x00000000c0000000, 0x00000000c0100848, 0x0000000100000000)
  region size 1024K, 25 young (25600K), 5 survivors (5120K)
 Metaspace       used 106006K, capacity 114848K, committed 115016K, reserved 1148928K
  class space    used 12909K, capacity 15454K, committed 15512K, reserved 1048576K
GC Heap History (10 events):
Event: 307.453 GC heap before
{Heap before GC invocations=70 (full 0):
 garbage-first heap   total 271360K, used 236800K [0x00000000c0000000, 0x00000000c0100848, 0x0000000100000000)
  region size 1024K, 84 young (86016K), 2 survivors (2048K)
 Metaspace       used 103878K, capacity 112492K, committed 112712K, reserved 1146880K
  class space    used 12710K, capacity 15209K, committed 15256K, reserved 1048576K
Event: 307.479 GC heap after
Heap after GC invocations=71 (full 0):
 garbage-first heap   total 271360K, used 152276K [0x00000000c0000000, 0x00000000c0100848, 0x0000000100000000)
  region size 1024K, 2 young (2048K), 2 survivors (2048K)
 Metaspace       used 103878K, capacity 112492K, committed 112712K, reserved 1146880K
  class space    used 12710K, capacity 15209K, committed 15256K, reserved 1048576K
}
Event: 837.748 GC heap before
{Heap before GC invocations=71 (full 0):
 garbage-first heap   total 271360K, used 237268K [0x00000000c0000000, 0x00000000c0100848, 0x0000000100000000)
  region size 1024K, 85 young (87040K), 2 survivors (2048K)
 Metaspace       used 104815K, capacity 113452K, committed 113608K, reserved 1146880K
  class space    used 12794K, capacity 15273K, committed 15384K, reserved 1048576K
Event: 837.764 GC heap after
Heap after GC invocations=72 (full 0):
 garbage-first heap   total 271360K, used 156313K [0x00000000c0000000, 0x00000000c0100848, 0x0000000100000000)
  region size 1024K, 6 young (6144K), 6 survivors (6144K)
 Metaspace       used 104815K, capacity 113452K, committed 113608K, reserved 1146880K
  class space    used 12794K, capacity 15273K, committed 15384K, reserved 1048576K
}
Event: 1207.751 GC heap before
{Heap before GC invocations=73 (full 0):
 garbage-first heap   total 271360K, used 236185K [0x00000000c0000000, 0x00000000c0100848, 0x0000000100000000)
  region size 1024K, 84 young (86016K), 6 survivors (6144K)
 Metaspace       used 104915K, capacity 113452K, committed 113608K, reserved 1146880K
  class space    used 12795K, capacity 15273K, committed 15384K, reserved 1048576K
Event: 1207.765 GC heap after
Heap after GC invocations=74 (full 0):
 garbage-first heap   total 271360K, used 158464K [0x00000000c0000000, 0x00000000c0100848, 0x0000000100000000)
  region size 1024K, 8 young (8192K), 8 survivors (8192K)
 Metaspace       used 104915K, capacity 113452K, committed 113608K, reserved 1146880K
  class space    used 12795K, capacity 15273K, committed 15384K, reserved 1048576K
}
Event: 1507.809 GC heap before
{Heap before GC invocations=74 (full 0):
 garbage-first heap   total 271360K, used 163584K [0x00000000c0000000, 0x00000000c0100848, 0x0000000100000000)
  region size 1024K, 13 young (13312K), 8 survivors (8192K)
 Metaspace       used 104933K, capacity 113516K, committed 113864K, reserved 1148928K
  class space    used 12795K, capacity 15273K, committed 15384K, reserved 1048576K
Event: 1507.835 GC heap after
Heap after GC invocations=75 (full 0):
 garbage-first heap   total 271360K, used 151017K [0x00000000c0000000, 0x00000000c0100848, 0x0000000100000000)
  region size 1024K, 2 young (2048K), 2 survivors (2048K)
 Metaspace       used 104933K, capacity 113516K, committed 113864K, reserved 1148928K
  class space    used 12795K, capacity 15273K, committed 15384K, reserved 1048576K
}
Event: 4056.534 GC heap before
{Heap before GC invocations=75 (full 0):
 garbage-first heap   total 271360K, used 237033K [0x00000000c0000000, 0x00000000c0100848, 0x0000000100000000)
  region size 1024K, 86 young (88064K), 2 survivors (2048K)
 Metaspace       used 105402K, capacity 113808K, committed 114120K, reserved 1148928K
  class space    used 12823K, capacity 15279K, committed 15384K, reserved 1048576K
Event: 4056.584 GC heap after
Heap after GC invocations=76 (full 0):
 garbage-first heap   total 271360K, used 153935K [0x00000000c0000000, 0x00000000c0100848, 0x0000000100000000)
  region size 1024K, 5 young (5120K), 5 survivors (5120K)
 Metaspace       used 105402K, capacity 113808K, committed 114120K, reserved 1148928K
  class space    used 12823K, capacity 15279K, committed 15384K, reserved 1048576K
}

